mode: count
github.com/mkrull/kaniini/kaniini.go:19.26,21.2 1 0
github.com/mkrull/kaniini/kaniini.go:32.68,34.12 2 0
github.com/mkrull/kaniini/kaniini.go:43.2,43.19 1 0
github.com/mkrull/kaniini/kaniini.go:34.12,35.7 1 0
github.com/mkrull/kaniini/kaniini.go:35.7,36.11 1 0
github.com/mkrull/kaniini/kaniini.go:37.31,38.44 1 0
github.com/mkrull/kaniini/kaniini.go:46.61,54.16 3 0
github.com/mkrull/kaniini/kaniini.go:59.2,68.16 2 0
github.com/mkrull/kaniini/kaniini.go:72.2,77.22 3 0
github.com/mkrull/kaniini/kaniini.go:54.16,56.3 1 0
github.com/mkrull/kaniini/kaniini.go:68.16,70.3 1 0
github.com/mkrull/kaniini/kaniini.go:80.35,81.12 1 0
github.com/mkrull/kaniini/kaniini.go:81.12,82.7 1 0
github.com/mkrull/kaniini/kaniini.go:82.7,83.11 1 0
github.com/mkrull/kaniini/kaniini.go:84.18,88.11 4 0
github.com/mkrull/kaniini/kaniini.go:94.33,96.16 2 0
github.com/mkrull/kaniini/kaniini.go:100.2,100.23 1 0
github.com/mkrull/kaniini/kaniini.go:96.16,98.3 1 0
github.com/mkrull/kaniini/kaniini.go:103.36,106.16 2 0
github.com/mkrull/kaniini/kaniini.go:110.2,111.16 2 0
github.com/mkrull/kaniini/kaniini.go:116.2,124.16 2 0
github.com/mkrull/kaniini/kaniini.go:129.2,143.16 3 0
github.com/mkrull/kaniini/kaniini.go:147.2,150.12 3 0
github.com/mkrull/kaniini/kaniini.go:106.16,108.3 1 0
github.com/mkrull/kaniini/kaniini.go:111.16,113.3 1 0
github.com/mkrull/kaniini/kaniini.go:124.16,126.3 1 0
github.com/mkrull/kaniini/kaniini.go:143.16,145.3 1 0
github.com/mkrull/kaniini/kaniini.go:153.44,155.2 1 0
github.com/mkrull/kaniini/kaniini.go:157.41,159.2 1 0
